<?xml version="1.0" encoding="UTF-8"?>
<!-- Generated by org.testng.reporters.JUnitXMLReporter -->
<testsuite ignored="0" hostname="IBM-5QXS8F4" failures="0" tests="1" name="My First Test" time="2.99" errors="0" timestamp="2026-02-03T21:53:10 IST">
  <testcase classname="demos.Activity6" name="@BeforeClass setUp" time="2.937">
    <failure type="org.openqa.selenium.WebDriverException" message="Reached error page: about:neterror?e=dnsNotFound&amp;amp;u=https%3A//training-support.net/webelements/login-form&amp;amp;c=UTF-8&amp;amp;d=We%20can%E2%80%99t%20connect%20to%20the%20server%20at%20training-support.net.&amp;amp;a=
Build info: version: &amp;apos;4.33.0&amp;apos;, revision: &amp;apos;2c6aaad03a&amp;apos;
System info: os.name: &amp;apos;Windows 11&amp;apos;, os.arch: &amp;apos;amd64&amp;apos;, os.version: &amp;apos;10.0&amp;apos;, java.version: &amp;apos;25.0.1&amp;apos;
Driver info: org.openqa.selenium.firefox.FirefoxDriver
Command: [6131129d-87f9-4ada-9a3a-1c6486ecda64, get {url=https://training-support.net/webelements/login-form}]
Capabilities {acceptInsecureCerts: true, browserName: firefox, browserVersion: 147.0.2, moz:accessibilityChecks: false, moz:buildID: 20260126151322, moz:geckodriverVersion: 0.36.0, moz:headless: false, moz:platformVersion: 10.0, moz:processID: 18772, moz:profile: C:\Users\KOTHAR~1\AppData\L..., moz:shutdownTimeout: 60000, moz:webdriverClick: true, moz:windowless: false, pageLoadStrategy: normal, platformName: windows, proxy: Proxy(), setWindowRect: true, strictFileInteractability: false, timeouts: {implicit: 0, pageLoad: 300000, script: 30000}, unhandledPromptBehavior: dismiss and notify, userAgent: Mozilla/5.0 (Windows NT 10....}
Session ID: 6131129d-87f9-4ada-9a3a-1c6486ecda64">
      <![CDATA[org.openqa.selenium.WebDriverException: Reached error page: about:neterror?e=dnsNotFound&u=https%3A//training-support.net/webelements/login-form&c=UTF-8&d=We%20can%E2%80%99t%20connect%20to%20the%20server%20at%20training-support.net.&a=
Build info: version: '4.33.0', revision: '2c6aaad03a'
System info: os.name: 'Windows 11', os.arch: 'amd64', os.version: '10.0', java.version: '25.0.1'
Driver info: org.openqa.selenium.firefox.FirefoxDriver
Command: [6131129d-87f9-4ada-9a3a-1c6486ecda64, get {url=https://training-support.net/webelements/login-form}]
Capabilities {acceptInsecureCerts: true, browserName: firefox, browserVersion: 147.0.2, moz:accessibilityChecks: false, moz:buildID: 20260126151322, moz:geckodriverVersion: 0.36.0, moz:headless: false, moz:platformVersion: 10.0, moz:processID: 18772, moz:profile: C:\Users\KOTHAR~1\AppData\L..., moz:shutdownTimeout: 60000, moz:webdriverClick: true, moz:windowless: false, pageLoadStrategy: normal, platformName: windows, proxy: Proxy(), setWindowRect: true, strictFileInteractability: false, timeouts: {implicit: 0, pageLoad: 300000, script: 30000}, unhandledPromptBehavior: dismiss and notify, userAgent: Mozilla/5.0 (Windows NT 10....}
Session ID: 6131129d-87f9-4ada-9a3a-1c6486ecda64
at org.openqa.selenium.remote.ErrorCodec.decode(ErrorCodec.java:167)
at org.openqa.selenium.remote.codec.w3c.W3CHttpResponseCodec.decode(W3CHttpResponseCodec.java:138)
at org.openqa.selenium.remote.codec.w3c.W3CHttpResponseCodec.decode(W3CHttpResponseCodec.java:50)
at org.openqa.selenium.remote.HttpCommandExecutor.execute(HttpCommandExecutor.java:215)
at org.openqa.selenium.remote.service.DriverCommandExecutor.invokeExecute(DriverCommandExecutor.java:216)
at org.openqa.selenium.remote.service.DriverCommandExecutor.execute(DriverCommandExecutor.java:174)
at org.openqa.selenium.remote.RemoteWebDriver.execute(RemoteWebDriver.java:544)
at org.openqa.selenium.remote.RemoteWebDriver.get(RemoteWebDriver.java:312)
at demos.Activity6.setUp(Activity6.java:19)
at java.base/java.util.ArrayList.forEach(ArrayList.java:1604)
... Removed 30 stack frames]]>
    </failure>
  </testcase> <!-- @BeforeClass setUp -->
  <testcase classname="demos.Activity6" name="test2" time="0.004">
    <skipped/>
  </testcase> <!-- test2 -->
</testsuite> <!-- My First Test -->
